INFO:bur:bur26c:, rel_loss: 0.1
INFO:bur:bur26e:, rel_loss: 0.1
INFO:bur:bur26e:, rel_loss: 0.1
INFO:bur:bur26d:, rel_loss: 0.1
INFO:bur:bur26e:, rel_loss: 0.1
INFO:bur:bur26e:, rel_loss: 0.1
INFO:bur:bur26d:, rel_loss: 0.1
INFO:bur:bur26a:, rel_loss: 0.1
INFO:bur:bur26h:, rel_loss: 0.1
INFO:bur:bur26b:, rel_loss: 0.1
INFO:bur:bur26c:, rel_loss: 0.1
INFO:bur:bur26d:, rel_loss: 0.1
INFO:bur:bur26h:, rel_loss: 0.1
INFO:bur:bur26h:, rel_loss: 0.1
INFO:bur:bur26g:, rel_loss: 0.1
INFO:bur:bur26f:, rel_loss: 0.1
INFO:bur:bur26g:, rel_loss: 0.1
INFO:bur:bur26f:, rel_loss: 0.1
INFO:bur:bur26g:, rel_loss: 0.1
INFO:bur:bur26c:, rel_loss: 0.1
INFO:bur:bur26c:, rel_loss: 0.1
INFO:bur:bur26h:, rel_loss: 0.1
INFO:bur:bur26g:, rel_loss: 0.1
INFO:bur:bur26f:, rel_loss: 0.1
INFO:bur:bur26g:, rel_loss: 0.1
INFO:bur:bur26d:, rel_loss: 0.1
INFO:bur:bur26e:, rel_loss: 0.1
INFO:bur:bur26e:, rel_loss: 0.1
INFO:bur:bur26a:, rel_loss: 0.1
INFO:bur:bur26c:, rel_loss: 0.1
INFO:bur:bur26b:, rel_loss: 0.1
INFO:bur:bur26b:, rel_loss: 0.1
INFO:bur:bur26d:, rel_loss: 0.1
INFO:bur:bur26g:, rel_loss: 0.1
INFO:bur:bur26a:, rel_loss: 0.1
INFO:bur:bur26a:, rel_loss: 0.1
INFO:bur:bur26h:, rel_loss: 0.1
INFO:bur:bur26f:, rel_loss: 0.1
INFO:bur:bur26h:, rel_loss: 0.1
INFO:bur:bur26a:, rel_loss: 0.1
INFO:bur:bur26b:, rel_loss: 0.1
INFO:bur:bur26b:, rel_loss: 0.1
INFO:bur:bur26c:, rel_loss: 0.1
INFO:bur:bur26c:, rel_loss: 0.1
INFO:bur:bur26g:, rel_loss: 0.1
INFO:bur:bur26d:, rel_loss: 0.1
INFO:bur:bur26b:, rel_loss: 0.1
INFO:bur:bur26d:, rel_loss: 0.1
INFO:bur:bur26b:, rel_loss: 0.1
INFO:bur:bur26e:, rel_loss: 0.1
INFO:bur:bur26a:, rel_loss: 0.1
INFO:bur:bur26g:, rel_loss: 0.1
INFO:bur:bur26c:, rel_loss: 0.1
INFO:bur:bur26e:, rel_loss: 0.1
INFO:bur:bur26f:, rel_loss: 0.1
INFO:bur:bur26e:, rel_loss: 0.1
INFO:bur:bur26f:, rel_loss: 0.1
INFO:bur:bur26a:, rel_loss: 0.1
INFO:bur:bur26h:, rel_loss: 0.1
INFO:bur:bur26d:, rel_loss: 0.1
INFO:bur:bur26d:, rel_loss: 0.1
INFO:bur:bur26e:, rel_loss: 0.1
INFO:bur:bur26a:, rel_loss: 0.1
INFO:bur:bur26h:, rel_loss: 0.1
INFO:bur:bur26f:, rel_loss: 0.1
INFO:bur:bur26g:, rel_loss: 0.1
INFO:bur:bur26b:, rel_loss: 0.1
INFO:bur:bur26b:, rel_loss: 0.1
INFO:bur:bur26a:, rel_loss: 0.1
INFO:bur:bur26d:, rel_loss: 0.1
INFO:bur:bur26f:, rel_loss: 0.1
INFO:bur:bur26g:, rel_loss: 0.1
INFO:bur:bur26c:, rel_loss: 0.1
INFO:bur:bur26g:, rel_loss: 0.1
INFO:bur:bur26c:, rel_loss: 0.1
INFO:bur:bur26c:, rel_loss: 0.1
INFO:bur:bur26f:, rel_loss: 0.1
INFO:bur:bur26e:, rel_loss: 0.1
INFO:bur:bur26a:, rel_loss: 0.1
INFO:bur:bur26h:, rel_loss: 0.1
INFO:bur:bur26d:, rel_loss: 0.1
INFO:bur:bur26d:, rel_loss: 0.1
INFO:bur:bur26f:, rel_loss: 0.1
INFO:bur:bur26d:, rel_loss: 0.1
INFO:bur:bur26c:, rel_loss: 0.1
INFO:bur:bur26a:, rel_loss: 0.1
INFO:bur:bur26h:, rel_loss: 0.1
INFO:bur:bur26h:, rel_loss: 0.1
INFO:bur:bur26a:, rel_loss: 0.1
INFO:bur:bur26h:, rel_loss: 0.1
INFO:bur:bur26e:, rel_loss: 0.1
INFO:bur:bur26b:, rel_loss: 0.1
INFO:bur:bur26c:, rel_loss: 0.1
INFO:bur:bur26b:, rel_loss: 0.1
INFO:bur:bur26g:, rel_loss: 0.1
INFO:bur:bur26b:, rel_loss: 0.1
INFO:bur:bur26f:, rel_loss: 0.1
INFO:bur:bur26f:, rel_loss: 0.1
INFO:bur:bur26b:, rel_loss: 0.1
INFO:bur:bur26a:, rel_loss: 0.1
INFO:chr:chr15b:, rel_loss: 6.6
INFO:chr:chr12a:, rel_loss: 3.1
INFO:chr:chr20c:, rel_loss: 7.4
INFO:chr:chr20b:, rel_loss: inf
INFO:chr:chr25a:, rel_loss: 3.6
INFO:chr:chr15a:, rel_loss: 6.9
INFO:chr:chr22b:, rel_loss: 1.5
INFO:chr:chr12a:, rel_loss: 2.9
INFO:chr:chr20b:, rel_loss: inf
INFO:chr:chr18b:, rel_loss: 0.9
INFO:chr:chr15c:, rel_loss: 2.9
INFO:chr:chr18b:, rel_loss: 0.9
INFO:chr:chr15c:, rel_loss: 5.1
INFO:chr:chr20a:, rel_loss: 3.2
INFO:chr:chr15a:, rel_loss: 2.8
INFO:chr:chr18a:, rel_loss: 5.5
INFO:chr:chr15c:, rel_loss: 4.7
INFO:chr:chr20a:, rel_loss: 3.6
INFO:chr:chr22b:, rel_loss: 1.0
INFO:chr:chr15c:, rel_loss: 4.9
INFO:chr:chr15a:, rel_loss: 6.1
INFO:chr:chr25a:, rel_loss: 3.8
INFO:chr:chr20c:, rel_loss: 7.5
INFO:chr:chr18b:, rel_loss: 0.8
INFO:chr:chr25a:, rel_loss: 3.9
INFO:chr:chr25a:, rel_loss: 3.6
INFO:chr:chr22b:, rel_loss: 1.4
INFO:chr:chr12a:, rel_loss: 2.1
INFO:chr:chr12c:, rel_loss: 1.2
INFO:chr:chr18b:, rel_loss: 0.9
INFO:chr:chr18a:, rel_loss: 3.9
INFO:chr:chr12b:, rel_loss: 2.5
INFO:chr:chr22b:, rel_loss: 1.0
INFO:chr:chr20b:, rel_loss: inf
INFO:chr:chr20b:, rel_loss: 1.5
INFO:chr:chr18a:, rel_loss: 5.4
INFO:chr:chr22a:, rel_loss: 0.6
INFO:chr:chr25a:, rel_loss: 3.6
INFO:chr:chr22a:, rel_loss: 0.8
INFO:chr:chr15c:, rel_loss: 3.0
INFO:chr:chr15a:, rel_loss: 5.9
INFO:chr:chr20c:, rel_loss: 6.3
INFO:chr:chr12b:, rel_loss: 2.5
INFO:chr:chr12a:, rel_loss: 3.0
INFO:chr:chr25a:, rel_loss: 3.6
INFO:chr:chr15b:, rel_loss: 6.6
INFO:chr:chr12b:, rel_loss: 3.1
INFO:chr:chr18b:, rel_loss: 0.8
INFO:chr:chr15a:, rel_loss: 5.1
INFO:chr:chr15c:, rel_loss: 4.3
INFO:chr:chr20c:, rel_loss: 6.4
INFO:chr:chr12c:, rel_loss: 1.0
INFO:chr:chr18b:, rel_loss: 0.9
INFO:chr:chr22a:, rel_loss: 0.9
INFO:chr:chr18a:, rel_loss: 5.5
INFO:chr:chr20c:, rel_loss: 7.0
INFO:chr:chr18a:, rel_loss: 4.8
INFO:chr:chr20b:, rel_loss: inf
INFO:chr:chr15b:, rel_loss: 6.5
INFO:chr:chr22a:, rel_loss: 0.9
INFO:chr:chr20c:, rel_loss: 7.3
INFO:chr:chr22a:, rel_loss: 0.8
INFO:chr:chr18a:, rel_loss: 4.9
INFO:chr:chr18b:, rel_loss: 0.8
INFO:chr:chr15c:, rel_loss: 4.6
INFO:chr:chr12c:, rel_loss: inf
INFO:chr:chr15a:, rel_loss: 5.2
INFO:chr:chr20c:, rel_loss: 6.7
INFO:chr:chr20a:, rel_loss: 3.5
INFO:chr:chr20b:, rel_loss: inf
INFO:chr:chr18a:, rel_loss: 3.4
INFO:chr:chr15a:, rel_loss: 4.7
INFO:chr:chr12a:, rel_loss: 2.1
INFO:chr:chr15b:, rel_loss: 5.0
INFO:chr:chr22b:, rel_loss: 1.4
INFO:chr:chr12a:, rel_loss: 3.0
INFO:chr:chr12b:, rel_loss: 1.3
INFO:chr:chr22b:, rel_loss: 1.0
INFO:chr:chr12c:, rel_loss: inf
INFO:chr:chr12a:, rel_loss: 2.3
INFO:chr:chr20a:, rel_loss: 3.3
INFO:chr:chr22a:, rel_loss: 0.9
INFO:chr:chr12a:, rel_loss: 1.9
INFO:chr:chr12b:, rel_loss: 2.7
INFO:chr:chr12b:, rel_loss: 3.2
INFO:chr:chr20b:, rel_loss: inf
INFO:chr:chr15b:, rel_loss: 5.8
INFO:chr:chr22b:, rel_loss: 1.5
INFO:chr:chr12c:, rel_loss: inf
INFO:chr:chr20a:, rel_loss: 2.7
INFO:chr:chr12c:, rel_loss: 1.1
INFO:chr:chr12b:, rel_loss: 2.3
INFO:chr:chr12c:, rel_loss: inf
INFO:chr:chr15b:, rel_loss: 5.5
INFO:chr:chr25a:, rel_loss: 4.2
INFO:chr:chr12b:, rel_loss: 2.6
INFO:chr:chr20a:, rel_loss: 3.3
INFO:chr:chr20a:, rel_loss: 3.8
INFO:chr:chr15b:, rel_loss: 5.7
INFO:chr:chr22a:, rel_loss: 0.9
INFO:els:els19:, rel_loss: inf
INFO:els:els19:, rel_loss: inf
INFO:els:els19:, rel_loss: inf
INFO:els:els19:, rel_loss: 0.3
INFO:els:els19:, rel_loss: inf
INFO:els:els19:, rel_loss: inf
INFO:els:els19:, rel_loss: inf
INFO:els:els19:, rel_loss: 0.5
INFO:els:els19:, rel_loss: inf
INFO:els:els19:, rel_loss: inf
INFO:els:els19:, rel_loss: inf
INFO:els:els19:, rel_loss: inf
INFO:els:els19:, rel_loss: inf
INFO:els:els19:, rel_loss: 0.5
INFO:els:els19:, rel_loss: inf
INFO:els:els19:, rel_loss: inf
INFO:els:els19:, rel_loss: 0.4
INFO:els:els19:, rel_loss: inf
INFO:els:els19:, rel_loss: 0.4
INFO:els:els19:, rel_loss: inf
INFO:els:els19:, rel_loss: inf
INFO:els:els19:, rel_loss: inf
INFO:els:els19:, rel_loss: inf
INFO:els:els19:, rel_loss: inf
INFO:els:els19:, rel_loss: 0.4
INFO:els:els19:, rel_loss: 0.4
INFO:els:els19:, rel_loss: inf
INFO:els:els19:, rel_loss: 0.4
INFO:els:els19:, rel_loss: inf
INFO:els:els19:, rel_loss: inf
INFO:els:els19:, rel_loss: inf
INFO:els:els19:, rel_loss: 0.5
INFO:els:els19:, rel_loss: inf
INFO:els:els19:, rel_loss: inf
INFO:els:els19:, rel_loss: inf
INFO:els:els19:, rel_loss: inf
INFO:els:els19:, rel_loss: inf
INFO:els:els19:, rel_loss: inf
INFO:els:els19:, rel_loss: inf
INFO:els:els19:, rel_loss: inf
INFO:els:els19:, rel_loss: inf
INFO:els:els19:, rel_loss: inf
INFO:els:els19:, rel_loss: 0.4
INFO:els:els19:, rel_loss: 0.4
INFO:els:els19:, rel_loss: 0.4
INFO:els:els19:, rel_loss: 0.4
INFO:els:els19:, rel_loss: inf
INFO:els:els19:, rel_loss: inf
INFO:els:els19:, rel_loss: inf
INFO:els:els19:, rel_loss: 0.4
INFO:els:els19:, rel_loss: inf
INFO:els:els19:, rel_loss: 0.4
INFO:els:els19:, rel_loss: inf
INFO:els:els19:, rel_loss: inf
INFO:els:els19:, rel_loss: 0.4
INFO:els:els19:, rel_loss: inf
INFO:els:els19:, rel_loss: 0.4
INFO:els:els19:, rel_loss: inf
INFO:els:els19:, rel_loss: inf
INFO:els:els19:, rel_loss: inf
INFO:els:els19:, rel_loss: inf
INFO:els:els19:, rel_loss: inf
INFO:els:els19:, rel_loss: inf
INFO:els:els19:, rel_loss: 0.3
INFO:els:els19:, rel_loss: 0.4
INFO:els:els19:, rel_loss: inf
INFO:els:els19:, rel_loss: 0.5
INFO:els:els19:, rel_loss: 0.5
INFO:els:els19:, rel_loss: inf
INFO:els:els19:, rel_loss: inf
INFO:els:els19:, rel_loss: inf
INFO:els:els19:, rel_loss: 0.5
INFO:els:els19:, rel_loss: inf
INFO:els:els19:, rel_loss: 0.4
INFO:els:els19:, rel_loss: inf
INFO:els:els19:, rel_loss: inf
INFO:els:els19:, rel_loss: 0.5
INFO:els:els19:, rel_loss: inf
INFO:els:els19:, rel_loss: inf
INFO:els:els19:, rel_loss: inf
INFO:els:els19:, rel_loss: inf
INFO:els:els19:, rel_loss: inf
INFO:els:els19:, rel_loss: inf
INFO:els:els19:, rel_loss: 0.4
INFO:els:els19:, rel_loss: inf
INFO:els:els19:, rel_loss: inf
INFO:els:els19:, rel_loss: inf
INFO:els:els19:, rel_loss: inf
INFO:els:els19:, rel_loss: 0.4
INFO:els:els19:, rel_loss: inf
INFO:els:els19:, rel_loss: inf
INFO:els:els19:, rel_loss: inf
INFO:els:els19:, rel_loss: inf
INFO:els:els19:, rel_loss: inf
INFO:els:els19:, rel_loss: inf
INFO:els:els19:, rel_loss: inf
INFO:els:els19:, rel_loss: 0.5
INFO:els:els19:, rel_loss: 0.4
INFO:els:els19:, rel_loss: inf
INFO:els:els19:, rel_loss: inf
INFO:esc:esc16a:, rel_loss: 0.3
INFO:esc:esc16j:, rel_loss: 1.2
INFO:esc:esc16h:, rel_loss: 0.4
INFO:esc:esc16j:, rel_loss: 1.2
INFO:esc:esc16a:, rel_loss: 0.4
INFO:esc:esc16c:, rel_loss: inf
INFO:esc:esc16j:, rel_loss: 1.5
INFO:esc:esc16g:, rel_loss: inf
INFO:esc:esc16a:, rel_loss: 0.3
INFO:esc:esc16j:, rel_loss: 1.5
INFO:esc:esc128:, rel_loss: inf
INFO:esc:esc32e:, rel_loss: 4.0
INFO:esc:esc16g:, rel_loss: 0.2
INFO:esc:esc16i:, rel_loss: 1.9
INFO:esc:esc16b:, rel_loss: 0.1
INFO:esc:esc16i:, rel_loss: 1.6
INFO:esc:esc16j:, rel_loss: 1.2
INFO:esc:esc16i:, rel_loss: 1.1
INFO:esc:esc32g:, rel_loss: 2.7
INFO:esc:esc128:, rel_loss: inf
INFO:esc:esc32g:, rel_loss: 3.3
INFO:esc:esc16c:, rel_loss: 0.2
INFO:esc:esc32e:, rel_loss: 12.0
INFO:esc:esc16e:, rel_loss: 0.8
INFO:esc:esc16h:, rel_loss: 0.4
INFO:esc:esc32e:, rel_loss: 6.0
INFO:esc:esc16c:, rel_loss: inf
INFO:esc:esc16c:, rel_loss: 0.2
INFO:esc:esc32e:, rel_loss: 8.0
INFO:esc:esc16d:, rel_loss: 2.7
INFO:esc:esc16g:, rel_loss: inf
INFO:esc:esc16a:, rel_loss: 0.4
INFO:esc:esc16d:, rel_loss: 2.6
INFO:esc:esc16b:, rel_loss: 0.1
INFO:esc:esc16e:, rel_loss: 0.7
INFO:esc:esc16b:, rel_loss: 0.1
INFO:esc:esc16h:, rel_loss: 0.5
INFO:esc:esc16e:, rel_loss: 0.7
INFO:esc:esc16i:, rel_loss: 1.6
INFO:esc:esc16e:, rel_loss: 0.8
INFO:esc:esc16j:, rel_loss: 1.5
INFO:esc:esc128:, rel_loss: inf
INFO:esc:esc16a:, rel_loss: 0.4
INFO:esc:esc16d:, rel_loss: 2.7
INFO:esc:esc32e:, rel_loss: 11.0
INFO:esc:esc32g:, rel_loss: 3.7
INFO:esc:esc16g:, rel_loss: inf
INFO:esc:esc128:, rel_loss: inf
INFO:esc:esc32e:, rel_loss: 12.0
INFO:esc:esc16b:, rel_loss: 0.1
INFO:esc:esc16j:, rel_loss: 1.5
INFO:esc:esc16h:, rel_loss: 0.5
INFO:esc:esc16b:, rel_loss: 0.1
INFO:esc:esc16h:, rel_loss: 0.4
INFO:esc:esc16e:, rel_loss: 0.7
INFO:esc:esc16h:, rel_loss: 0.2
INFO:esc:esc16b:, rel_loss: 0.1
INFO:esc:esc16e:, rel_loss: 0.4
INFO:esc:esc16c:, rel_loss: 0.0
INFO:esc:esc16d:, rel_loss: 2.4
INFO:esc:esc128:, rel_loss: inf
INFO:esc:esc16d:, rel_loss: 2.2
INFO:esc:esc16i:, rel_loss: 1.4
INFO:esc:esc16g:, rel_loss: inf
INFO:esc:esc128:, rel_loss: inf
INFO:esc:esc16a:, rel_loss: 0.4
INFO:esc:esc16d:, rel_loss: 2.4
INFO:esc:esc16c:, rel_loss: inf
INFO:esc:esc16a:, rel_loss: 0.4
INFO:esc:esc16b:, rel_loss: 0.1
INFO:esc:esc16g:, rel_loss: inf
INFO:esc:esc16j:, rel_loss: 1.5
INFO:esc:esc32g:, rel_loss: 3.7
INFO:esc:esc16d:, rel_loss: 2.7
INFO:esc:esc16e:, rel_loss: 0.3
INFO:esc:esc16g:, rel_loss: 0.2
INFO:esc:esc16h:, rel_loss: 0.3
INFO:esc:esc16a:, rel_loss: 0.2
INFO:esc:esc16b:, rel_loss: 0.1
INFO:esc:esc32g:, rel_loss: 3.7
INFO:esc:esc16c:, rel_loss: 0.2
INFO:esc:esc16d:, rel_loss: 2.9
INFO:esc:esc16h:, rel_loss: 0.4
INFO:esc:esc16c:, rel_loss: inf
INFO:esc:esc16b:, rel_loss: 0.1
INFO:esc:esc16e:, rel_loss: 0.7
INFO:esc:esc16i:, rel_loss: 1.7
INFO:esc:esc16i:, rel_loss: 1.3
INFO:esc:esc16i:, rel_loss: 1.6
INFO:esc:esc16a:, rel_loss: 0.3
INFO:esc:esc32g:, rel_loss: 3.0
INFO:esc:esc16d:, rel_loss: 2.2
INFO:esc:esc32e:, rel_loss: 14.0
INFO:esc:esc32g:, rel_loss: 2.0
INFO:esc:esc32g:, rel_loss: 3.3
INFO:esc:esc16c:, rel_loss: 0.2
INFO:esc:esc128:, rel_loss: inf
INFO:esc:esc128:, rel_loss: inf
INFO:esc:esc16g:, rel_loss: inf
INFO:esc:esc32e:, rel_loss: 14.0
INFO:had:had20:, rel_loss: 0.1
INFO:had:had18:, rel_loss: 0.1
INFO:had:had20:, rel_loss: 0.1
INFO:had:had20:, rel_loss: 0.1
INFO:had:had14:, rel_loss: 0.1
INFO:had:had20:, rel_loss: 0.1
INFO:had:had14:, rel_loss: 0.1
INFO:had:had16:, rel_loss: 0.1
INFO:had:had12:, rel_loss: 0.1
INFO:had:had14:, rel_loss: 0.1
INFO:had:had14:, rel_loss: 0.1
INFO:had:had14:, rel_loss: 0.1
INFO:had:had18:, rel_loss: 0.1
INFO:had:had14:, rel_loss: 0.1
INFO:had:had12:, rel_loss: 0.1
INFO:had:had14:, rel_loss: 0.1
INFO:had:had20:, rel_loss: 0.1
INFO:had:had16:, rel_loss: 0.1
INFO:had:had12:, rel_loss: 0.1
INFO:had:had20:, rel_loss: 0.1
INFO:had:had16:, rel_loss: 0.1
INFO:had:had14:, rel_loss: 0.1
INFO:had:had20:, rel_loss: 0.1
INFO:had:had14:, rel_loss: 0.1
INFO:had:had14:, rel_loss: 0.1
INFO:had:had20:, rel_loss: 0.1
INFO:had:had18:, rel_loss: 0.1
INFO:had:had16:, rel_loss: 0.1
INFO:had:had16:, rel_loss: 0.1
INFO:had:had12:, rel_loss: 0.1
INFO:had:had14:, rel_loss: 0.1
INFO:had:had14:, rel_loss: 0.1
INFO:had:had20:, rel_loss: 0.1
INFO:had:had14:, rel_loss: 0.1
INFO:had:had12:, rel_loss: 0.1
INFO:had:had18:, rel_loss: 0.1
INFO:had:had20:, rel_loss: 0.1
INFO:had:had18:, rel_loss: 0.1
INFO:had:had16:, rel_loss: 0.1
INFO:had:had14:, rel_loss: 0.1
INFO:had:had16:, rel_loss: 0.1
INFO:had:had20:, rel_loss: 0.1
INFO:had:had20:, rel_loss: 0.1
INFO:had:had20:, rel_loss: 0.1
INFO:had:had14:, rel_loss: 0.1
INFO:had:had18:, rel_loss: 0.1
INFO:had:had18:, rel_loss: 0.1
INFO:had:had12:, rel_loss: 0.1
INFO:had:had12:, rel_loss: 0.1
INFO:had:had16:, rel_loss: 0.1
INFO:had:had14:, rel_loss: 0.1
INFO:had:had20:, rel_loss: 0.1
INFO:had:had20:, rel_loss: 0.1
INFO:had:had18:, rel_loss: 0.1
INFO:had:had12:, rel_loss: 0.1
INFO:had:had16:, rel_loss: 0.1
INFO:had:had12:, rel_loss: 0.1
INFO:had:had20:, rel_loss: 0.1
INFO:had:had18:, rel_loss: 0.1
INFO:had:had14:, rel_loss: 0.1
INFO:had:had20:, rel_loss: 0.1
INFO:had:had20:, rel_loss: 0.1
INFO:had:had18:, rel_loss: 0.1
INFO:had:had16:, rel_loss: 0.1
INFO:had:had16:, rel_loss: 0.1
INFO:had:had18:, rel_loss: 0.1
INFO:had:had18:, rel_loss: 0.1
INFO:had:had18:, rel_loss: 0.1
INFO:had:had14:, rel_loss: 0.1
INFO:had:had18:, rel_loss: 0.1
INFO:had:had12:, rel_loss: 0.1
INFO:had:had18:, rel_loss: 0.1
INFO:had:had20:, rel_loss: 0.1
INFO:had:had12:, rel_loss: 0.1
INFO:had:had12:, rel_loss: 0.1
INFO:had:had16:, rel_loss: 0.1
INFO:had:had16:, rel_loss: 0.1
INFO:had:had12:, rel_loss: 0.1
INFO:had:had12:, rel_loss: 0.1
INFO:had:had16:, rel_loss: 0.1
INFO:had:had14:, rel_loss: 0.1
INFO:had:had16:, rel_loss: 0.1
INFO:had:had16:, rel_loss: 0.1
INFO:had:had18:, rel_loss: 0.1
INFO:had:had12:, rel_loss: 0.1
INFO:had:had18:, rel_loss: 0.1
INFO:had:had12:, rel_loss: 0.1
INFO:had:had18:, rel_loss: 0.1
INFO:had:had14:, rel_loss: 0.1
INFO:had:had18:, rel_loss: 0.1
INFO:had:had12:, rel_loss: 0.1
INFO:had:had20:, rel_loss: 0.1
INFO:had:had16:, rel_loss: 0.1
INFO:had:had16:, rel_loss: 0.1
INFO:had:had16:, rel_loss: 0.1
INFO:had:had12:, rel_loss: 0.1
INFO:had:had12:, rel_loss: 0.1
INFO:had:had16:, rel_loss: 0.1
INFO:had:had12:, rel_loss: 0.1
INFO:had:had18:, rel_loss: 0.1
INFO:kra:kra30a:, rel_loss: -0.1
INFO:kra:kra30b:, rel_loss: -0.1
INFO:kra:kra32:, rel_loss: 0.4
INFO:kra:kra32:, rel_loss: 0.5
INFO:kra:kra30a:, rel_loss: -0.1
INFO:kra:kra30b:, rel_loss: -0.1
INFO:kra:kra30b:, rel_loss: inf
INFO:kra:kra32:, rel_loss: 0.4
INFO:kra:kra30a:, rel_loss: -0.1
INFO:kra:kra30a:, rel_loss: -0.1
INFO:kra:kra32:, rel_loss: 0.4
INFO:kra:kra30a:, rel_loss: -0.1
INFO:kra:kra30b:, rel_loss: -0.1
INFO:kra:kra30b:, rel_loss: -0.1
INFO:kra:kra30a:, rel_loss: -0.1
INFO:kra:kra30a:, rel_loss: -0.1
INFO:kra:kra30b:, rel_loss: -0.1
INFO:kra:kra30b:, rel_loss: inf
INFO:kra:kra30a:, rel_loss: -0.1
INFO:kra:kra32:, rel_loss: 0.4
INFO:kra:kra32:, rel_loss: 0.4
INFO:kra:kra30b:, rel_loss: -0.1
INFO:kra:kra30a:, rel_loss: -0.1
INFO:kra:kra30b:, rel_loss: -0.1
INFO:kra:kra32:, rel_loss: 0.4
INFO:kra:kra32:, rel_loss: 0.4
INFO:kra:kra30a:, rel_loss: -0.1
INFO:kra:kra32:, rel_loss: 0.4
INFO:kra:kra30b:, rel_loss: -0.1
INFO:kra:kra30b:, rel_loss: -0.1
INFO:kra:kra32:, rel_loss: 0.5
INFO:kra:kra30a:, rel_loss: -0.1
INFO:kra:kra30a:, rel_loss: -0.1
INFO:kra:kra32:, rel_loss: 0.4
INFO:kra:kra32:, rel_loss: 0.5
INFO:kra:kra30b:, rel_loss: -0.1
INFO:kra:kra30a:, rel_loss: -0.1
INFO:kra:kra32:, rel_loss: 0.4
INFO:kra:kra32:, rel_loss: 0.5
INFO:kra:kra32:, rel_loss: 0.5
INFO:kra:kra32:, rel_loss: 0.5
INFO:kra:kra30b:, rel_loss: -0.1
INFO:kra:kra32:, rel_loss: 0.4
INFO:kra:kra30a:, rel_loss: -0.1
INFO:kra:kra32:, rel_loss: 0.4
INFO:kra:kra30b:, rel_loss: -0.1
INFO:kra:kra30b:, rel_loss: -0.1
INFO:kra:kra32:, rel_loss: 0.4
INFO:kra:kra30b:, rel_loss: -0.1
INFO:kra:kra32:, rel_loss: 0.4
INFO:kra:kra30a:, rel_loss: -0.1
INFO:kra:kra30b:, rel_loss: -0.1
INFO:kra:kra30a:, rel_loss: -0.1
INFO:kra:kra30a:, rel_loss: -0.1
INFO:kra:kra30b:, rel_loss: -0.1
INFO:kra:kra30b:, rel_loss: -0.1
INFO:kra:kra30a:, rel_loss: -0.1
INFO:kra:kra30a:, rel_loss: -0.1
INFO:kra:kra32:, rel_loss: 0.5
INFO:kra:kra32:, rel_loss: 0.4
INFO:kra:kra30a:, rel_loss: -0.1
INFO:kra:kra30b:, rel_loss: -0.1
INFO:kra:kra32:, rel_loss: 0.4
INFO:kra:kra30b:, rel_loss: -0.1
INFO:kra:kra30b:, rel_loss: -0.1
INFO:kra:kra30a:, rel_loss: -0.1
INFO:kra:kra32:, rel_loss: 0.4
INFO:kra:kra32:, rel_loss: 0.5
INFO:kra:kra30b:, rel_loss: -0.1
INFO:kra:kra30a:, rel_loss: -0.1
INFO:kra:kra32:, rel_loss: 0.5
INFO:kra:kra30a:, rel_loss: -0.1
INFO:kra:kra30b:, rel_loss: -0.1
INFO:kra:kra30b:, rel_loss: -0.1
INFO:kra:kra30a:, rel_loss: -0.1
INFO:kra:kra30b:, rel_loss: -0.1
INFO:kra:kra30a:, rel_loss: -0.1
INFO:kra:kra30b:, rel_loss: -0.1
INFO:kra:kra32:, rel_loss: 0.4
INFO:kra:kra30a:, rel_loss: -0.1
INFO:kra:kra32:, rel_loss: 0.4
INFO:kra:kra32:, rel_loss: 0.4
INFO:kra:kra32:, rel_loss: 0.4
INFO:kra:kra30a:, rel_loss: -0.1
INFO:kra:kra30a:, rel_loss: -0.1
INFO:kra:kra30a:, rel_loss: -0.1
INFO:kra:kra30a:, rel_loss: -0.1
INFO:kra:kra32:, rel_loss: 0.4
INFO:kra:kra30a:, rel_loss: -0.1
INFO:kra:kra32:, rel_loss: 0.4
INFO:kra:kra30a:, rel_loss: -0.1
INFO:kra:kra32:, rel_loss: 0.4
INFO:kra:kra30a:, rel_loss: inf
INFO:kra:kra30b:, rel_loss: -0.1
INFO:kra:kra30b:, rel_loss: -0.1
INFO:kra:kra30b:, rel_loss: -0.1
INFO:kra:kra30b:, rel_loss: inf
INFO:kra:kra30b:, rel_loss: -0.1
INFO:kra:kra30b:, rel_loss: -0.1
INFO:kra:kra30a:, rel_loss: -0.1
INFO:lipa:lipa70a:, rel_loss: 0.0
INFO:lipa:lipa50b:, rel_loss: inf
INFO:lipa:lipa40a:, rel_loss: 0.0
INFO:lipa:lipa20b:, rel_loss: inf
INFO:lipa:lipa40b:, rel_loss: inf
INFO:lipa:lipa90a:, rel_loss: 0.0
INFO:lipa:lipa80b:, rel_loss: inf
INFO:lipa:lipa40a:, rel_loss: 0.0
INFO:lipa:lipa20b:, rel_loss: inf
INFO:lipa:lipa60a:, rel_loss: 0.0
INFO:lipa:lipa20b:, rel_loss: inf
INFO:lipa:lipa30a:, rel_loss: 0.1
INFO:lipa:lipa70b:, rel_loss: inf
INFO:lipa:lipa20b:, rel_loss: inf
INFO:lipa:lipa70b:, rel_loss: inf
INFO:lipa:lipa70a:, rel_loss: 0.0
INFO:lipa:lipa60a:, rel_loss: 0.0
INFO:lipa:lipa20a:, rel_loss: 0.1
INFO:lipa:lipa30b:, rel_loss: inf
INFO:lipa:lipa20b:, rel_loss: inf
INFO:lipa:lipa80b:, rel_loss: inf
INFO:lipa:lipa70b:, rel_loss: inf
INFO:lipa:lipa80b:, rel_loss: inf
INFO:lipa:lipa90a:, rel_loss: 0.0
INFO:lipa:lipa50b:, rel_loss: inf
INFO:lipa:lipa60b:, rel_loss: inf
INFO:lipa:lipa80b:, rel_loss: inf
INFO:lipa:lipa90a:, rel_loss: 0.0
INFO:lipa:lipa30a:, rel_loss: 0.1
INFO:lipa:lipa50a:, rel_loss: 0.0
INFO:lipa:lipa70b:, rel_loss: inf
INFO:lipa:lipa80b:, rel_loss: inf
INFO:lipa:lipa40b:, rel_loss: inf
INFO:lipa:lipa20a:, rel_loss: 0.1
INFO:lipa:lipa50a:, rel_loss: 0.0
INFO:lipa:lipa80b:, rel_loss: inf
INFO:lipa:lipa50b:, rel_loss: inf
INFO:lipa:lipa50a:, rel_loss: 0.0
INFO:lipa:lipa60b:, rel_loss: inf
INFO:lipa:lipa90b:, rel_loss: inf
INFO:lipa:lipa80a:, rel_loss: 0.0
INFO:lipa:lipa30a:, rel_loss: 0.1
INFO:lipa:lipa60b:, rel_loss: inf
INFO:lipa:lipa60b:, rel_loss: inf
INFO:lipa:lipa30b:, rel_loss: inf
INFO:lipa:lipa60a:, rel_loss: 0.0
INFO:lipa:lipa30a:, rel_loss: 0.0
INFO:lipa:lipa80a:, rel_loss: 0.0
INFO:lipa:lipa20a:, rel_loss: 0.1
INFO:lipa:lipa40a:, rel_loss: 0.0
INFO:lipa:lipa80a:, rel_loss: 0.0
INFO:lipa:lipa90a:, rel_loss: 0.0
INFO:lipa:lipa20a:, rel_loss: 0.1
INFO:lipa:lipa40a:, rel_loss: 0.0
INFO:lipa:lipa40b:, rel_loss: inf
INFO:lipa:lipa70b:, rel_loss: inf
INFO:lipa:lipa80a:, rel_loss: 0.0
INFO:lipa:lipa30b:, rel_loss: inf
INFO:lipa:lipa50a:, rel_loss: 0.0
INFO:lipa:lipa30b:, rel_loss: inf
INFO:lipa:lipa60a:, rel_loss: 0.0
INFO:lipa:lipa80a:, rel_loss: 0.0
INFO:lipa:lipa70b:, rel_loss: inf
INFO:lipa:lipa60a:, rel_loss: 0.0
INFO:lipa:lipa60b:, rel_loss: inf
INFO:lipa:lipa50b:, rel_loss: inf
INFO:lipa:lipa60b:, rel_loss: inf
INFO:lipa:lipa20b:, rel_loss: inf
INFO:lipa:lipa40a:, rel_loss: 0.0
INFO:lipa:lipa80a:, rel_loss: 0.0
INFO:lipa:lipa40b:, rel_loss: inf
INFO:lipa:lipa60a:, rel_loss: 0.0
INFO:lipa:lipa40b:, rel_loss: inf
INFO:lipa:lipa40a:, rel_loss: 0.0
INFO:lipa:lipa50a:, rel_loss: 0.0
INFO:lipa:lipa30b:, rel_loss: inf
INFO:lipa:lipa90b:, rel_loss: inf
INFO:lipa:lipa30a:, rel_loss: 0.0
INFO:lipa:lipa50a:, rel_loss: 0.0
INFO:lipa:lipa30a:, rel_loss: 0.1
INFO:lipa:lipa30b:, rel_loss: inf
INFO:lipa:lipa70a:, rel_loss: 0.0
INFO:lipa:lipa70a:, rel_loss: 0.0
INFO:lipa:lipa20b:, rel_loss: inf
INFO:lipa:lipa30a:, rel_loss: 0.0
INFO:lipa:lipa50b:, rel_loss: inf
INFO:lipa:lipa20a:, rel_loss: 0.1
INFO:lipa:lipa90a:, rel_loss: 0.0
INFO:lipa:lipa90b:, rel_loss: inf
INFO:lipa:lipa70a:, rel_loss: 0.0
INFO:lipa:lipa90a:, rel_loss: 0.0
INFO:lipa:lipa70a:, rel_loss: 0.0
INFO:lipa:lipa20a:, rel_loss: 0.1
INFO:lipa:lipa90b:, rel_loss: inf
INFO:lipa:lipa20a:, rel_loss: 0.1
INFO:lipa:lipa30b:, rel_loss: inf
INFO:lipa:lipa90b:, rel_loss: inf
INFO:lipa:lipa40b:, rel_loss: inf
INFO:lipa:lipa50b:, rel_loss: inf
INFO:lipa:lipa90b:, rel_loss: inf
INFO:nug:nug28:, rel_loss: 0.4
INFO:nug:nug21:, rel_loss: 0.4
INFO:nug:nug16b:, rel_loss: 0.3
INFO:nug:nug15:, rel_loss: 0.3
INFO:nug:nug21:, rel_loss: 0.4
INFO:nug:nug30:, rel_loss: 0.3
INFO:nug:nug27:, rel_loss: 0.4
INFO:nug:nug17:, rel_loss: 0.3
INFO:nug:nug18:, rel_loss: 0.2
INFO:nug:nug22:, rel_loss: 0.4
INFO:nug:nug27:, rel_loss: 0.4
INFO:nug:nug16b:, rel_loss: 0.3
INFO:nug:nug17:, rel_loss: 0.3
INFO:nug:nug16b:, rel_loss: 0.3
INFO:nug:nug12:, rel_loss: 0.2
INFO:nug:nug17:, rel_loss: 0.3
INFO:nug:nug16a:, rel_loss: 0.3
INFO:nug:nug14:, rel_loss: 0.3
INFO:nug:nug28:, rel_loss: 0.3
INFO:nug:nug12:, rel_loss: 0.2
INFO:nug:nug15:, rel_loss: 0.2
INFO:nug:nug21:, rel_loss: 0.4
INFO:nug:nug22:, rel_loss: 0.4
INFO:nug:nug17:, rel_loss: 0.3
INFO:nug:nug17:, rel_loss: 0.3
INFO:nug:nug30:, rel_loss: 0.3
INFO:nug:nug14:, rel_loss: 0.3
INFO:nug:nug22:, rel_loss: 0.4
INFO:nug:nug24:, rel_loss: 0.3
INFO:nug:nug20:, rel_loss: 0.3
INFO:nug:nug21:, rel_loss: 0.3
INFO:nug:nug22:, rel_loss: 0.4
INFO:nug:nug25:, rel_loss: 0.3
INFO:nug:nug27:, rel_loss: 0.4
INFO:nug:nug25:, rel_loss: 0.3
INFO:nug:nug14:, rel_loss: 0.2
INFO:nug:nug16a:, rel_loss: 0.3
INFO:nug:nug14:, rel_loss: 0.3
INFO:nug:nug12:, rel_loss: 0.3
INFO:nug:nug15:, rel_loss: 0.2
INFO:nug:nug27:, rel_loss: 0.4
INFO:nug:nug30:, rel_loss: 0.3
INFO:nug:nug14:, rel_loss: 0.3
INFO:nug:nug25:, rel_loss: 0.3
INFO:nug:nug21:, rel_loss: 0.4
INFO:nug:nug16a:, rel_loss: 0.3
INFO:nug:nug16a:, rel_loss: 0.3
INFO:nug:nug28:, rel_loss: 0.3
INFO:nug:nug15:, rel_loss: 0.3
INFO:nug:nug30:, rel_loss: 0.3
INFO:nug:nug20:, rel_loss: 0.3
INFO:nug:nug16a:, rel_loss: 0.3
INFO:nug:nug18:, rel_loss: 0.3
INFO:nug:nug28:, rel_loss: 0.4
INFO:nug:nug20:, rel_loss: 0.3
INFO:nug:nug22:, rel_loss: 0.4
INFO:nug:nug12:, rel_loss: 0.2
INFO:nug:nug22:, rel_loss: 0.4
INFO:nug:nug12:, rel_loss: 0.3
INFO:nug:nug12:, rel_loss: 0.2
INFO:nug:nug18:, rel_loss: 0.3
INFO:nug:nug27:, rel_loss: 0.4
INFO:nug:nug16b:, rel_loss: 0.3
INFO:nug:nug25:, rel_loss: 0.3
INFO:nug:nug18:, rel_loss: 0.3
INFO:nug:nug22:, rel_loss: 0.4
INFO:nug:nug16b:, rel_loss: 0.3
INFO:nug:nug15:, rel_loss: 0.3
INFO:nug:nug24:, rel_loss: 0.3
INFO:nug:nug18:, rel_loss: 0.3
INFO:nug:nug16b:, rel_loss: 0.3
INFO:nug:nug18:, rel_loss: 0.3
INFO:nug:nug17:, rel_loss: 0.3
INFO:nug:nug14:, rel_loss: 0.2
INFO:nug:nug24:, rel_loss: 0.3
INFO:nug:nug24:, rel_loss: 0.3
INFO:nug:nug30:, rel_loss: 0.3
INFO:nug:nug25:, rel_loss: 0.3
INFO:nug:nug16b:, rel_loss: 0.3
INFO:nug:nug30:, rel_loss: 0.3
INFO:nug:nug20:, rel_loss: 0.3
INFO:nug:nug17:, rel_loss: 0.3
INFO:nug:nug14:, rel_loss: 0.2
INFO:nug:nug12:, rel_loss: 0.2
INFO:nug:nug24:, rel_loss: 0.3
INFO:nug:nug16a:, rel_loss: 0.3
INFO:nug:nug15:, rel_loss: 0.2
INFO:nug:nug21:, rel_loss: 0.4
INFO:nug:nug16a:, rel_loss: 0.3
INFO:nug:nug28:, rel_loss: 0.3
INFO:nug:nug20:, rel_loss: 0.3
INFO:nug:nug24:, rel_loss: 0.3
INFO:nug:nug18:, rel_loss: 0.3
INFO:nug:nug15:, rel_loss: 0.3
INFO:nug:nug25:, rel_loss: 0.3
INFO:nug:nug27:, rel_loss: 0.4
INFO:nug:nug20:, rel_loss: 0.3
INFO:nug:nug21:, rel_loss: 0.3
INFO:nug:nug20:, rel_loss: 0.3
INFO:nug:nug28:, rel_loss: 0.3
INFO:rou:rou12:, rel_loss: 0.2
INFO:rou:rou12:, rel_loss: 0.2
INFO:rou:rou12:, rel_loss: 0.3
INFO:rou:rou15:, rel_loss: 0.2
INFO:rou:rou12:, rel_loss: 0.2
INFO:rou:rou15:, rel_loss: 0.2
INFO:rou:rou15:, rel_loss: 0.2
INFO:rou:rou20:, rel_loss: 0.2
INFO:rou:rou12:, rel_loss: 0.2
INFO:rou:rou12:, rel_loss: 0.2
INFO:rou:rou15:, rel_loss: 0.2
INFO:rou:rou12:, rel_loss: 0.2
INFO:rou:rou20:, rel_loss: 0.2
INFO:rou:rou15:, rel_loss: 0.2
INFO:rou:rou20:, rel_loss: 0.2
INFO:rou:rou12:, rel_loss: 0.2
INFO:rou:rou15:, rel_loss: 0.2
INFO:rou:rou20:, rel_loss: 0.2
INFO:rou:rou12:, rel_loss: 0.2
INFO:rou:rou15:, rel_loss: 0.2
INFO:rou:rou12:, rel_loss: 0.2
INFO:rou:rou12:, rel_loss: 0.2
INFO:rou:rou20:, rel_loss: 0.2
INFO:rou:rou20:, rel_loss: 0.2
INFO:rou:rou15:, rel_loss: 0.2
INFO:rou:rou12:, rel_loss: 0.2
INFO:rou:rou15:, rel_loss: 0.2
INFO:rou:rou15:, rel_loss: 0.2
INFO:rou:rou15:, rel_loss: 0.2
INFO:rou:rou12:, rel_loss: 0.2
INFO:rou:rou15:, rel_loss: 0.2
INFO:rou:rou12:, rel_loss: 0.2
INFO:rou:rou12:, rel_loss: 0.2
INFO:rou:rou15:, rel_loss: 0.2
INFO:rou:rou20:, rel_loss: 0.2
INFO:rou:rou12:, rel_loss: 0.2
INFO:rou:rou15:, rel_loss: 0.2
INFO:rou:rou20:, rel_loss: 0.2
INFO:rou:rou12:, rel_loss: 0.2
INFO:rou:rou20:, rel_loss: 0.2
INFO:rou:rou20:, rel_loss: 0.2
INFO:rou:rou12:, rel_loss: 0.2
INFO:rou:rou20:, rel_loss: 0.2
INFO:rou:rou15:, rel_loss: 0.2
INFO:rou:rou12:, rel_loss: 0.2
INFO:rou:rou15:, rel_loss: 0.2
INFO:rou:rou12:, rel_loss: 0.2
INFO:rou:rou20:, rel_loss: 0.2
INFO:rou:rou12:, rel_loss: 0.2
INFO:rou:rou15:, rel_loss: 0.2
INFO:rou:rou20:, rel_loss: 0.2
INFO:rou:rou15:, rel_loss: 0.2
INFO:rou:rou15:, rel_loss: 0.2
INFO:rou:rou20:, rel_loss: 0.2
INFO:rou:rou20:, rel_loss: 0.2
INFO:rou:rou20:, rel_loss: 0.2
INFO:rou:rou15:, rel_loss: 0.2
INFO:rou:rou20:, rel_loss: 0.2
INFO:rou:rou15:, rel_loss: 0.2
INFO:rou:rou12:, rel_loss: 0.2
INFO:rou:rou20:, rel_loss: 0.2
INFO:rou:rou15:, rel_loss: inf
INFO:rou:rou20:, rel_loss: 0.2
INFO:rou:rou20:, rel_loss: 0.2
INFO:rou:rou15:, rel_loss: 0.2
INFO:rou:rou20:, rel_loss: 0.2
INFO:rou:rou20:, rel_loss: 0.2
INFO:rou:rou15:, rel_loss: 0.2
INFO:rou:rou12:, rel_loss: 0.2
INFO:rou:rou20:, rel_loss: 0.2
INFO:rou:rou12:, rel_loss: 0.2
INFO:rou:rou15:, rel_loss: 0.2
INFO:rou:rou20:, rel_loss: 0.2
INFO:rou:rou12:, rel_loss: 0.2
INFO:rou:rou15:, rel_loss: 0.2
INFO:rou:rou12:, rel_loss: 0.2
INFO:rou:rou12:, rel_loss: 0.3
INFO:rou:rou20:, rel_loss: 0.2
INFO:rou:rou15:, rel_loss: 0.2
INFO:rou:rou12:, rel_loss: 0.2
INFO:rou:rou12:, rel_loss: 0.2
INFO:rou:rou20:, rel_loss: 0.2
INFO:rou:rou15:, rel_loss: 0.2
INFO:rou:rou15:, rel_loss: 0.2
INFO:rou:rou15:, rel_loss: 0.2
INFO:rou:rou15:, rel_loss: 0.2
INFO:rou:rou20:, rel_loss: 0.2
INFO:rou:rou12:, rel_loss: 0.2
INFO:rou:rou20:, rel_loss: 0.2
INFO:rou:rou20:, rel_loss: 0.2
INFO:rou:rou20:, rel_loss: 0.2
INFO:rou:rou15:, rel_loss: 0.2
INFO:rou:rou20:, rel_loss: 0.2
INFO:rou:rou20:, rel_loss: 0.2
INFO:rou:rou15:, rel_loss: 0.2
INFO:rou:rou12:, rel_loss: 0.2
INFO:rou:rou20:, rel_loss: 0.2
INFO:rou:rou12:, rel_loss: 0.2
INFO:rou:rou12:, rel_loss: 0.2
INFO:rou:rou12:, rel_loss: 0.2
INFO:scr:scr12:, rel_loss: 0.5
INFO:scr:scr15:, rel_loss: 0.4
INFO:scr:scr15:, rel_loss: 0.5
INFO:scr:scr15:, rel_loss: 0.5
INFO:scr:scr20:, rel_loss: 0.8
INFO:scr:scr12:, rel_loss: 0.5
INFO:scr:scr12:, rel_loss: 0.5
INFO:scr:scr12:, rel_loss: 0.5
INFO:scr:scr12:, rel_loss: 0.6
INFO:scr:scr15:, rel_loss: 0.4
INFO:scr:scr15:, rel_loss: 0.5
INFO:scr:scr20:, rel_loss: 0.8
INFO:scr:scr20:, rel_loss: 0.8
INFO:scr:scr20:, rel_loss: 0.6
INFO:scr:scr20:, rel_loss: 0.8
INFO:scr:scr20:, rel_loss: 0.6
INFO:scr:scr12:, rel_loss: 0.5
INFO:scr:scr12:, rel_loss: 0.6
INFO:scr:scr12:, rel_loss: 0.6
INFO:scr:scr15:, rel_loss: 0.4
INFO:scr:scr15:, rel_loss: 0.5
INFO:scr:scr20:, rel_loss: 0.7
INFO:scr:scr15:, rel_loss: 0.4
INFO:scr:scr20:, rel_loss: 0.8
INFO:scr:scr20:, rel_loss: 0.7
INFO:scr:scr12:, rel_loss: 0.5
INFO:scr:scr12:, rel_loss: 0.5
INFO:scr:scr20:, rel_loss: 0.7
INFO:scr:scr20:, rel_loss: 0.6
INFO:scr:scr15:, rel_loss: 0.4
INFO:scr:scr20:, rel_loss: 0.7
INFO:scr:scr20:, rel_loss: 0.8
INFO:scr:scr12:, rel_loss: 0.5
INFO:scr:scr15:, rel_loss: 0.5
INFO:scr:scr12:, rel_loss: 0.5
INFO:scr:scr15:, rel_loss: 0.5
INFO:scr:scr12:, rel_loss: 0.5
INFO:scr:scr12:, rel_loss: 0.5
INFO:scr:scr20:, rel_loss: 0.8
INFO:scr:scr15:, rel_loss: 0.5
INFO:scr:scr15:, rel_loss: 0.4
INFO:scr:scr20:, rel_loss: 0.8
INFO:scr:scr15:, rel_loss: 0.4
INFO:scr:scr12:, rel_loss: 0.6
INFO:scr:scr12:, rel_loss: 0.4
INFO:scr:scr15:, rel_loss: 0.5
INFO:scr:scr12:, rel_loss: 0.6
INFO:scr:scr20:, rel_loss: 0.6
INFO:scr:scr15:, rel_loss: inf
INFO:scr:scr15:, rel_loss: 0.5
INFO:scr:scr20:, rel_loss: 0.7
INFO:scr:scr15:, rel_loss: 0.5
INFO:scr:scr15:, rel_loss: 0.5
INFO:scr:scr12:, rel_loss: 0.5
INFO:scr:scr15:, rel_loss: 0.5
INFO:scr:scr12:, rel_loss: 0.5
INFO:scr:scr20:, rel_loss: 0.7
INFO:scr:scr15:, rel_loss: 0.4
INFO:scr:scr12:, rel_loss: 0.5
INFO:scr:scr15:, rel_loss: 0.4
INFO:scr:scr20:, rel_loss: 0.8
INFO:scr:scr20:, rel_loss: 0.8
INFO:scr:scr15:, rel_loss: 0.3
INFO:scr:scr15:, rel_loss: 0.5
INFO:scr:scr12:, rel_loss: 0.6
INFO:scr:scr20:, rel_loss: 0.6
INFO:scr:scr15:, rel_loss: 0.4
INFO:scr:scr20:, rel_loss: 0.7
INFO:scr:scr20:, rel_loss: 0.7
INFO:scr:scr12:, rel_loss: 0.4
INFO:scr:scr15:, rel_loss: 0.5
INFO:scr:scr15:, rel_loss: 0.5
INFO:scr:scr20:, rel_loss: 0.8
INFO:scr:scr15:, rel_loss: 0.4
INFO:scr:scr20:, rel_loss: 0.8
INFO:scr:scr15:, rel_loss: 0.5
INFO:scr:scr12:, rel_loss: 0.4
INFO:scr:scr12:, rel_loss: 0.5
INFO:scr:scr12:, rel_loss: 0.5
INFO:scr:scr15:, rel_loss: 0.5
INFO:scr:scr12:, rel_loss: 0.6
INFO:scr:scr12:, rel_loss: 0.5
INFO:scr:scr12:, rel_loss: 0.5
INFO:scr:scr20:, rel_loss: 0.6
INFO:scr:scr12:, rel_loss: 0.5
INFO:scr:scr12:, rel_loss: 0.4
INFO:scr:scr15:, rel_loss: 0.5
INFO:scr:scr15:, rel_loss: 0.5
INFO:scr:scr12:, rel_loss: 0.6
INFO:scr:scr20:, rel_loss: 0.8
INFO:scr:scr12:, rel_loss: 0.6
INFO:scr:scr20:, rel_loss: 0.8
INFO:scr:scr12:, rel_loss: 0.6
INFO:scr:scr20:, rel_loss: 0.8
INFO:scr:scr15:, rel_loss: 0.4
INFO:scr:scr20:, rel_loss: 0.8
INFO:scr:scr12:, rel_loss: 0.5
INFO:scr:scr20:, rel_loss: 0.7
INFO:scr:scr20:, rel_loss: 0.8
INFO:scr:scr20:, rel_loss: 0.7
INFO:sko:sko100a:, rel_loss: 0.2
INFO:sko:sko64:, rel_loss: 0.2
INFO:sko:sko100b:, rel_loss: 0.2
INFO:sko:sko100f:, rel_loss: 0.2
INFO:sko:sko100c:, rel_loss: 0.2
INFO:sko:sko100b:, rel_loss: 0.2
INFO:sko:sko100d:, rel_loss: 0.2
INFO:sko:sko100f:, rel_loss: 0.2
INFO:sko:sko100c:, rel_loss: 0.2
INFO:sko:sko100d:, rel_loss: 0.2
INFO:sko:sko56:, rel_loss: 0.2
INFO:sko:sko49:, rel_loss: 0.2
INFO:sko:sko100b:, rel_loss: 0.2
INFO:sko:sko100c:, rel_loss: 0.2
INFO:sko:sko56:, rel_loss: 0.2
INFO:sko:sko56:, rel_loss: 0.2
INFO:sko:sko100f:, rel_loss: 0.2
INFO:sko:sko64:, rel_loss: 0.2
INFO:sko:sko64:, rel_loss: 0.2
INFO:sko:sko90:, rel_loss: 0.2
INFO:sko:sko49:, rel_loss: 0.2
INFO:sko:sko49:, rel_loss: 0.2
INFO:sko:sko42:, rel_loss: 0.3
INFO:sko:sko81:, rel_loss: 0.2
INFO:sko:sko100e:, rel_loss: 0.2
INFO:sko:sko49:, rel_loss: 0.2
INFO:sko:sko100e:, rel_loss: inf
INFO:sko:sko100d:, rel_loss: 0.2
INFO:sko:sko100d:, rel_loss: 0.2
INFO:sko:sko100e:, rel_loss: 0.2
INFO:sko:sko100a:, rel_loss: 0.2
INFO:sko:sko100e:, rel_loss: 0.2
INFO:sko:sko100d:, rel_loss: 0.2
INFO:sko:sko100d:, rel_loss: 0.2
INFO:sko:sko100f:, rel_loss: 0.2
INFO:sko:sko64:, rel_loss: 0.2
INFO:sko:sko90:, rel_loss: 0.2
INFO:sko:sko42:, rel_loss: 0.3
INFO:sko:sko100a:, rel_loss: 0.2
INFO:sko:sko100c:, rel_loss: 0.2
INFO:sko:sko72:, rel_loss: 0.2
INFO:sko:sko42:, rel_loss: 0.3
INFO:sko:sko72:, rel_loss: 0.2
INFO:sko:sko81:, rel_loss: 0.2
INFO:sko:sko100a:, rel_loss: 0.2
INFO:sko:sko56:, rel_loss: 0.2
INFO:sko:sko90:, rel_loss: 0.2
INFO:sko:sko81:, rel_loss: 0.2
INFO:sko:sko100f:, rel_loss: 0.2
INFO:sko:sko100c:, rel_loss: 0.2
INFO:sko:sko100e:, rel_loss: inf
INFO:sko:sko49:, rel_loss: 0.2
INFO:sko:sko90:, rel_loss: 0.2
INFO:sko:sko56:, rel_loss: 0.2
INFO:sko:sko90:, rel_loss: 0.2
INFO:sko:sko72:, rel_loss: 0.2
INFO:sko:sko90:, rel_loss: 0.2
INFO:sko:sko100f:, rel_loss: 0.2
INFO:sko:sko100a:, rel_loss: 0.2
INFO:sko:sko64:, rel_loss: 0.2
INFO:sko:sko81:, rel_loss: 0.2
INFO:sko:sko100e:, rel_loss: 0.2
INFO:sko:sko64:, rel_loss: 0.2
INFO:sko:sko90:, rel_loss: 0.2
INFO:sko:sko100d:, rel_loss: 0.2
INFO:sko:sko42:, rel_loss: 0.2
INFO:sko:sko100b:, rel_loss: 0.2
INFO:sko:sko100b:, rel_loss: 0.2
INFO:sko:sko100b:, rel_loss: 0.2
INFO:sko:sko72:, rel_loss: 0.2
INFO:sko:sko100c:, rel_loss: 0.2
INFO:sko:sko100e:, rel_loss: 0.2
INFO:sko:sko81:, rel_loss: 0.2
INFO:sko:sko90:, rel_loss: 0.2
INFO:sko:sko56:, rel_loss: 0.2
INFO:sko:sko72:, rel_loss: 0.2
INFO:sko:sko81:, rel_loss: 0.2
INFO:sko:sko100b:, rel_loss: 0.2
INFO:sko:sko72:, rel_loss: 0.2
INFO:sko:sko100a:, rel_loss: 0.2
INFO:sko:sko72:, rel_loss: 0.2
INFO:sko:sko42:, rel_loss: 0.3
INFO:sko:sko100c:, rel_loss: 0.2
INFO:sko:sko81:, rel_loss: 0.2
INFO:sko:sko100a:, rel_loss: 0.2
INFO:sko:sko42:, rel_loss: 0.3
INFO:sko:sko81:, rel_loss: 0.2
INFO:sko:sko100a:, rel_loss: 0.2
INFO:sko:sko100b:, rel_loss: 0.2
INFO:sko:sko42:, rel_loss: 0.3
INFO:sko:sko42:, rel_loss: 0.3
INFO:sko:sko56:, rel_loss: 0.2
INFO:sko:sko49:, rel_loss: 0.2
INFO:sko:sko64:, rel_loss: 0.2
INFO:sko:sko64:, rel_loss: 0.2
INFO:sko:sko49:, rel_loss: 0.2
INFO:sko:sko72:, rel_loss: 0.2
INFO:sko:sko56:, rel_loss: 0.2
INFO:sko:sko100f:, rel_loss: 0.2
INFO:sko:sko49:, rel_loss: 0.2
INFO:ste:ste36c:, rel_loss: inf
INFO:ste:ste36b:, rel_loss: 2.5
INFO:ste:ste36c:, rel_loss: inf
INFO:ste:ste36a:, rel_loss: inf
INFO:ste:ste36b:, rel_loss: 2.3
INFO:ste:ste36a:, rel_loss: inf
INFO:ste:ste36c:, rel_loss: inf
INFO:ste:ste36a:, rel_loss: inf
INFO:ste:ste36c:, rel_loss: inf
INFO:ste:ste36b:, rel_loss: 2.5
INFO:ste:ste36b:, rel_loss: 2.0
INFO:ste:ste36a:, rel_loss: inf
INFO:ste:ste36a:, rel_loss: inf
INFO:ste:ste36c:, rel_loss: inf
INFO:ste:ste36c:, rel_loss: inf
INFO:ste:ste36b:, rel_loss: 2.6
INFO:ste:ste36b:, rel_loss: 2.3
INFO:ste:ste36c:, rel_loss: inf
INFO:ste:ste36c:, rel_loss: inf
INFO:ste:ste36a:, rel_loss: inf
INFO:ste:ste36c:, rel_loss: inf
INFO:ste:ste36b:, rel_loss: inf
INFO:ste:ste36c:, rel_loss: inf
INFO:ste:ste36a:, rel_loss: inf
INFO:ste:ste36a:, rel_loss: inf
INFO:ste:ste36b:, rel_loss: inf
INFO:ste:ste36c:, rel_loss: inf
INFO:ste:ste36a:, rel_loss: inf
INFO:ste:ste36c:, rel_loss: -0.4
INFO:ste:ste36a:, rel_loss: inf
INFO:ste:ste36a:, rel_loss: inf
INFO:ste:ste36a:, rel_loss: inf
INFO:ste:ste36b:, rel_loss: 2.5
INFO:ste:ste36b:, rel_loss: 2.4
INFO:ste:ste36c:, rel_loss: -0.4
INFO:ste:ste36a:, rel_loss: inf
INFO:ste:ste36a:, rel_loss: 0.6
INFO:ste:ste36a:, rel_loss: inf
INFO:ste:ste36a:, rel_loss: inf
INFO:ste:ste36c:, rel_loss: inf
INFO:ste:ste36c:, rel_loss: -0.4
INFO:ste:ste36b:, rel_loss: 2.5
INFO:ste:ste36c:, rel_loss: inf
INFO:ste:ste36a:, rel_loss: inf
INFO:ste:ste36b:, rel_loss: inf
INFO:ste:ste36b:, rel_loss: 2.2
INFO:ste:ste36b:, rel_loss: inf
INFO:ste:ste36a:, rel_loss: inf
INFO:ste:ste36a:, rel_loss: inf
INFO:ste:ste36a:, rel_loss: inf
INFO:ste:ste36a:, rel_loss: inf
INFO:ste:ste36c:, rel_loss: inf
INFO:ste:ste36b:, rel_loss: 2.6
INFO:ste:ste36c:, rel_loss: inf
INFO:ste:ste36c:, rel_loss: inf
INFO:ste:ste36b:, rel_loss: inf
INFO:ste:ste36a:, rel_loss: inf
INFO:ste:ste36c:, rel_loss: inf
INFO:ste:ste36a:, rel_loss: inf
INFO:ste:ste36b:, rel_loss: inf
INFO:ste:ste36c:, rel_loss: inf
INFO:ste:ste36c:, rel_loss: inf
INFO:ste:ste36b:, rel_loss: 2.5
INFO:ste:ste36a:, rel_loss: inf
INFO:ste:ste36b:, rel_loss: 2.3
INFO:ste:ste36b:, rel_loss: 2.4
INFO:ste:ste36b:, rel_loss: inf
INFO:ste:ste36a:, rel_loss: inf
INFO:ste:ste36c:, rel_loss: inf
INFO:ste:ste36b:, rel_loss: 2.2
INFO:ste:ste36c:, rel_loss: inf
INFO:ste:ste36a:, rel_loss: inf
INFO:ste:ste36c:, rel_loss: inf
INFO:ste:ste36b:, rel_loss: inf
INFO:ste:ste36c:, rel_loss: -0.4
INFO:ste:ste36c:, rel_loss: inf
INFO:ste:ste36a:, rel_loss: inf
INFO:ste:ste36a:, rel_loss: inf
INFO:ste:ste36b:, rel_loss: 2.5
INFO:ste:ste36b:, rel_loss: 2.5
INFO:ste:ste36c:, rel_loss: inf
INFO:ste:ste36b:, rel_loss: 2.6
INFO:ste:ste36a:, rel_loss: inf
INFO:ste:ste36b:, rel_loss: inf
INFO:ste:ste36a:, rel_loss: inf
INFO:ste:ste36a:, rel_loss: inf
INFO:ste:ste36c:, rel_loss: inf
INFO:ste:ste36b:, rel_loss: inf
INFO:ste:ste36b:, rel_loss: 2.3
INFO:ste:ste36a:, rel_loss: inf
INFO:ste:ste36a:, rel_loss: inf
INFO:ste:ste36b:, rel_loss: 2.5
INFO:ste:ste36b:, rel_loss: inf
INFO:ste:ste36b:, rel_loss: 2.0
INFO:ste:ste36c:, rel_loss: inf
INFO:ste:ste36a:, rel_loss: inf
INFO:ste:ste36c:, rel_loss: inf
INFO:ste:ste36b:, rel_loss: 2.6
INFO:ste:ste36c:, rel_loss: inf
INFO:ste:ste36c:, rel_loss: inf
INFO:tai:tai60a:, rel_loss: -0.0
INFO:tai:tai30a:, rel_loss: 0.2
INFO:tai:tai12a:, rel_loss: 0.4
INFO:tai:tai64c:, rel_loss: 1.0
INFO:tai:tai25b:, rel_loss: 1.4
INFO:tai:tai35b:, rel_loss: 0.5
INFO:tai:tai12b:, rel_loss: 1.2
INFO:tai:tai20b:, rel_loss: 0.9
INFO:tai:tai100a:, rel_loss: 0.1
INFO:tai:tai17a:, rel_loss: 0.3
INFO:tai:tai25a:, rel_loss: 0.2
INFO:tai:tai50a:, rel_loss: 0.2
INFO:tai:tai60b:, rel_loss: 0.6
INFO:tai:tai60b:, rel_loss: 0.7
INFO:tai:tai12a:, rel_loss: 0.4
INFO:tai:tai30b:, rel_loss: 1.0
INFO:tai:tai60b:, rel_loss: 0.6
INFO:tai:tai50b:, rel_loss: 0.5
INFO:tai:tai35b:, rel_loss: 0.5
INFO:tai:tai12b:, rel_loss: 1.0
INFO:tai:tai17a:, rel_loss: 0.3
INFO:tai:tai100a:, rel_loss: 0.1
INFO:tai:tai40b:, rel_loss: 0.7
INFO:tai:tai80a:, rel_loss: 0.0
INFO:tai:tai50a:, rel_loss: 0.2
INFO:tai:tai15a:, rel_loss: 0.2
INFO:tai:tai15b:, rel_loss: 4.4
INFO:tai:tai35b:, rel_loss: 0.5
INFO:tai:tai40a:, rel_loss: 0.0
INFO:tai:tai40b:, rel_loss: 0.8
INFO:tai:tai25b:, rel_loss: 1.4
INFO:tai:tai25b:, rel_loss: 1.4
INFO:tai:tai50a:, rel_loss: 0.2
INFO:tai:tai15a:, rel_loss: 0.2
INFO:tai:tai100b:, rel_loss: 0.5
INFO:tai:tai25a:, rel_loss: 0.2
INFO:tai:tai40b:, rel_loss: 0.7
INFO:tai:tai20a:, rel_loss: 0.2
INFO:tai:tai50b:, rel_loss: 0.5
INFO:tai:tai15b:, rel_loss: 7.6
INFO:tai:tai30b:, rel_loss: 0.9
INFO:tai:tai40b:, rel_loss: 0.8
INFO:tai:tai30a:, rel_loss: 0.2
INFO:tai:tai60a:, rel_loss: -0.0
INFO:tai:tai100b:, rel_loss: 0.5
INFO:tai:tai20b:, rel_loss: 0.7
INFO:tai:tai100a:, rel_loss: 0.1
INFO:tai:tai30b:, rel_loss: 0.9
INFO:tai:tai80a:, rel_loss: -0.0
INFO:tai:tai100b:, rel_loss: 0.5
INFO:tai:tai150b:, rel_loss: 0.3
INFO:tai:tai80b:, rel_loss: 0.5
INFO:tai:tai80a:, rel_loss: -0.0
INFO:tai:tai20a:, rel_loss: 0.2
INFO:tai:tai12b:, rel_loss: 1.1
INFO:tai:tai80a:, rel_loss: -0.0
INFO:tai:tai15a:, rel_loss: 0.2
INFO:tai:tai20a:, rel_loss: 0.2
INFO:tai:tai50b:, rel_loss: 0.5
INFO:tai:tai35a:, rel_loss: 0.2
INFO:tai:tai30a:, rel_loss: 0.2
INFO:tai:tai150b:, rel_loss: 0.3
INFO:tai:tai12a:, rel_loss: 0.5
INFO:tai:tai64c:, rel_loss: 1.0
INFO:tai:tai30b:, rel_loss: 1.0
INFO:tai:tai20b:, rel_loss: 1.0
INFO:tai:tai150b:, rel_loss: 0.3
INFO:tai:tai20a:, rel_loss: 0.2
INFO:tai:tai50a:, rel_loss: 0.2
INFO:tai:tai35b:, rel_loss: 0.6
INFO:tai:tai20b:, rel_loss: 0.8
INFO:tai:tai12b:, rel_loss: 1.2
INFO:tai:tai100b:, rel_loss: 0.5
INFO:tai:tai30a:, rel_loss: 0.2
INFO:tai:tai15a:, rel_loss: 0.2
INFO:tai:tai50b:, rel_loss: 0.5
INFO:tai:tai40a:, rel_loss: 0.0
INFO:tai:tai35a:, rel_loss: 0.2
INFO:tai:tai60b:, rel_loss: 0.7
INFO:tai:tai25b:, rel_loss: 1.1
INFO:tai:tai15b:, rel_loss: 12.5
INFO:tai:tai17a:, rel_loss: 0.3
INFO:tai:tai64c:, rel_loss: 0.9
INFO:tai:tai25a:, rel_loss: 0.2
INFO:tai:tai17a:, rel_loss: 0.3
INFO:tai:tai12a:, rel_loss: 0.4
INFO:tai:tai80b:, rel_loss: 0.5
INFO:tai:tai25a:, rel_loss: 0.2
INFO:tai:tai80b:, rel_loss: 0.5
INFO:tai:tai35a:, rel_loss: 0.2
INFO:tai:tai40a:, rel_loss: 0.0
INFO:tai:tai15b:, rel_loss: 12.5
INFO:tai:tai40a:, rel_loss: 0.0
INFO:tai:tai60a:, rel_loss: -0.0
INFO:tai:tai80b:, rel_loss: 0.5
INFO:tai:tai60a:, rel_loss: -0.0
INFO:tai:tai100a:, rel_loss: 0.1
INFO:tai:tai150b:, rel_loss: 0.3
INFO:tai:tai35a:, rel_loss: 0.2
INFO:tai:tai64c:, rel_loss: 1.1
INFO:tho:tho30:, rel_loss: -0.0
INFO:tho:tho150:, rel_loss: 0.0
INFO:tho:tho40:, rel_loss: 0.4
INFO:tho:tho150:, rel_loss: 0.0
INFO:tho:tho150:, rel_loss: -0.0
INFO:tho:tho30:, rel_loss: -0.0
INFO:tho:tho150:, rel_loss: 0.0
INFO:tho:tho150:, rel_loss: 0.0
INFO:tho:tho30:, rel_loss: -0.1
INFO:tho:tho30:, rel_loss: -0.1
INFO:tho:tho150:, rel_loss: 0.0
INFO:tho:tho30:, rel_loss: -0.1
INFO:tho:tho40:, rel_loss: 0.4
INFO:tho:tho150:, rel_loss: 0.0
INFO:tho:tho40:, rel_loss: 0.4
INFO:tho:tho150:, rel_loss: 0.0
INFO:tho:tho30:, rel_loss: -0.1
INFO:tho:tho150:, rel_loss: 0.0
INFO:tho:tho150:, rel_loss: 0.0
INFO:tho:tho30:, rel_loss: -0.1
INFO:tho:tho40:, rel_loss: 0.4
INFO:tho:tho30:, rel_loss: -0.0
INFO:tho:tho40:, rel_loss: 0.4
INFO:tho:tho40:, rel_loss: 0.4
INFO:tho:tho40:, rel_loss: 0.4
INFO:tho:tho150:, rel_loss: 0.0
INFO:tho:tho30:, rel_loss: -0.0
INFO:tho:tho30:, rel_loss: -0.1
INFO:tho:tho150:, rel_loss: 0.0
INFO:tho:tho30:, rel_loss: -0.1
INFO:tho:tho40:, rel_loss: 0.4
INFO:tho:tho150:, rel_loss: 0.0
INFO:tho:tho40:, rel_loss: 0.4
INFO:tho:tho40:, rel_loss: 0.4
INFO:tho:tho150:, rel_loss: 0.0
INFO:tho:tho30:, rel_loss: -0.0
INFO:tho:tho150:, rel_loss: -0.0
INFO:tho:tho150:, rel_loss: 0.0
INFO:tho:tho150:, rel_loss: 0.0
INFO:tho:tho150:, rel_loss: -0.0
INFO:tho:tho150:, rel_loss: 0.0
INFO:tho:tho30:, rel_loss: -0.0
INFO:tho:tho30:, rel_loss: -0.1
INFO:tho:tho30:, rel_loss: -0.0
INFO:tho:tho150:, rel_loss: 0.0
INFO:tho:tho150:, rel_loss: 0.0
INFO:tho:tho30:, rel_loss: -0.1
INFO:tho:tho30:, rel_loss: -0.1
INFO:tho:tho150:, rel_loss: 0.0
INFO:tho:tho40:, rel_loss: 0.4
INFO:tho:tho150:, rel_loss: 0.0
INFO:tho:tho30:, rel_loss: -0.1
INFO:tho:tho40:, rel_loss: 0.4
INFO:tho:tho40:, rel_loss: 0.4
INFO:tho:tho40:, rel_loss: 0.4
INFO:tho:tho30:, rel_loss: -0.0
INFO:tho:tho150:, rel_loss: 0.0
INFO:tho:tho30:, rel_loss: -0.1
INFO:tho:tho40:, rel_loss: 0.4
INFO:tho:tho150:, rel_loss: 0.0
INFO:tho:tho40:, rel_loss: 0.4
INFO:tho:tho40:, rel_loss: 0.4
INFO:tho:tho150:, rel_loss: 0.0
INFO:tho:tho30:, rel_loss: -0.0
INFO:tho:tho30:, rel_loss: -0.1
INFO:tho:tho40:, rel_loss: 0.3
INFO:tho:tho30:, rel_loss: -0.0
INFO:tho:tho30:, rel_loss: -0.0
INFO:tho:tho40:, rel_loss: 0.4
INFO:tho:tho40:, rel_loss: 0.4
INFO:tho:tho40:, rel_loss: 0.4
INFO:tho:tho40:, rel_loss: 0.4
INFO:tho:tho40:, rel_loss: 0.4
INFO:tho:tho30:, rel_loss: -0.1
INFO:tho:tho30:, rel_loss: -0.0
INFO:tho:tho40:, rel_loss: 0.4
INFO:tho:tho30:, rel_loss: -0.1
INFO:tho:tho30:, rel_loss: -0.1
INFO:tho:tho40:, rel_loss: 0.4
INFO:tho:tho40:, rel_loss: 0.4
INFO:tho:tho40:, rel_loss: 0.4
INFO:tho:tho30:, rel_loss: -0.1
INFO:tho:tho150:, rel_loss: -0.0
INFO:tho:tho150:, rel_loss: 0.0
INFO:tho:tho150:, rel_loss: 0.0
INFO:tho:tho30:, rel_loss: -0.1
INFO:tho:tho30:, rel_loss: -0.1
INFO:tho:tho30:, rel_loss: -0.1
INFO:tho:tho40:, rel_loss: 0.4
INFO:tho:tho150:, rel_loss: 0.0
INFO:tho:tho150:, rel_loss: 0.0
INFO:tho:tho40:, rel_loss: 0.3
INFO:tho:tho40:, rel_loss: 0.3
INFO:tho:tho40:, rel_loss: 0.3
INFO:tho:tho40:, rel_loss: 0.4
INFO:tho:tho150:, rel_loss: 0.0
INFO:tho:tho30:, rel_loss: -0.1
INFO:tho:tho30:, rel_loss: -0.1
INFO:tho:tho150:, rel_loss: 0.0
INFO:tho:tho40:, rel_loss: 0.4
INFO:wil:wil100:, rel_loss: 0.1
INFO:wil:wil100:, rel_loss: 0.1
INFO:wil:wil50:, rel_loss: 0.1
INFO:wil:wil50:, rel_loss: 0.1
INFO:wil:wil50:, rel_loss: 0.1
INFO:wil:wil100:, rel_loss: 0.1
INFO:wil:wil50:, rel_loss: 0.1
INFO:wil:wil100:, rel_loss: 0.1
INFO:wil:wil50:, rel_loss: 0.1
INFO:wil:wil50:, rel_loss: 0.1
INFO:wil:wil50:, rel_loss: 0.1
INFO:wil:wil100:, rel_loss: 0.1
INFO:wil:wil100:, rel_loss: 0.1
INFO:wil:wil100:, rel_loss: 0.1
INFO:wil:wil50:, rel_loss: 0.1
INFO:wil:wil100:, rel_loss: 0.1
INFO:wil:wil100:, rel_loss: 0.1
INFO:wil:wil50:, rel_loss: 0.1
INFO:wil:wil100:, rel_loss: 0.1
INFO:wil:wil100:, rel_loss: 0.1
INFO:wil:wil100:, rel_loss: 0.1
INFO:wil:wil50:, rel_loss: 0.1
INFO:wil:wil100:, rel_loss: 0.1
INFO:wil:wil50:, rel_loss: 0.1
INFO:wil:wil100:, rel_loss: 0.1
INFO:wil:wil50:, rel_loss: 0.1
INFO:wil:wil100:, rel_loss: 0.1
INFO:wil:wil100:, rel_loss: 0.1
INFO:wil:wil50:, rel_loss: 0.1
INFO:wil:wil50:, rel_loss: 0.1
INFO:wil:wil100:, rel_loss: 0.1
INFO:wil:wil100:, rel_loss: 0.1
INFO:wil:wil50:, rel_loss: 0.1
INFO:wil:wil100:, rel_loss: 0.1
INFO:wil:wil100:, rel_loss: 0.1
INFO:wil:wil100:, rel_loss: 0.1
INFO:wil:wil50:, rel_loss: 0.1
INFO:wil:wil100:, rel_loss: 0.1
INFO:wil:wil50:, rel_loss: 0.1
INFO:wil:wil50:, rel_loss: 0.1
INFO:wil:wil100:, rel_loss: 0.1
INFO:wil:wil50:, rel_loss: 0.1
INFO:wil:wil100:, rel_loss: 0.1
INFO:wil:wil100:, rel_loss: 0.1
INFO:wil:wil50:, rel_loss: 0.1
INFO:wil:wil50:, rel_loss: 0.1
INFO:wil:wil100:, rel_loss: 0.1
INFO:wil:wil50:, rel_loss: 0.1
INFO:wil:wil100:, rel_loss: 0.1
INFO:wil:wil50:, rel_loss: 0.1
INFO:wil:wil50:, rel_loss: 0.1
INFO:wil:wil50:, rel_loss: 0.1
INFO:wil:wil100:, rel_loss: 0.1
INFO:wil:wil100:, rel_loss: 0.1
INFO:wil:wil100:, rel_loss: 0.1
INFO:wil:wil50:, rel_loss: 0.1
INFO:wil:wil100:, rel_loss: 0.1
INFO:wil:wil100:, rel_loss: 0.1
INFO:wil:wil50:, rel_loss: 0.1
INFO:wil:wil100:, rel_loss: 0.1
INFO:wil:wil100:, rel_loss: 0.1
INFO:wil:wil50:, rel_loss: 0.1
INFO:wil:wil50:, rel_loss: 0.1
INFO:wil:wil50:, rel_loss: 0.1
INFO:wil:wil100:, rel_loss: 0.1
INFO:wil:wil50:, rel_loss: 0.1
INFO:wil:wil100:, rel_loss: 0.1
INFO:wil:wil100:, rel_loss: 0.1
INFO:wil:wil50:, rel_loss: 0.1
INFO:wil:wil50:, rel_loss: 0.1
INFO:wil:wil100:, rel_loss: 0.1
INFO:wil:wil100:, rel_loss: 0.1
INFO:wil:wil100:, rel_loss: 0.1
INFO:wil:wil50:, rel_loss: 0.1
INFO:wil:wil50:, rel_loss: 0.1
INFO:wil:wil50:, rel_loss: 0.1
INFO:wil:wil100:, rel_loss: 0.1
INFO:wil:wil50:, rel_loss: 0.1
INFO:wil:wil100:, rel_loss: 0.1
INFO:wil:wil50:, rel_loss: 0.1
INFO:wil:wil50:, rel_loss: 0.1
INFO:wil:wil100:, rel_loss: 0.1
INFO:wil:wil50:, rel_loss: 0.1
INFO:wil:wil100:, rel_loss: 0.1
INFO:wil:wil100:, rel_loss: 0.1
INFO:wil:wil100:, rel_loss: 0.1
INFO:wil:wil50:, rel_loss: 0.1
INFO:wil:wil50:, rel_loss: 0.1
INFO:wil:wil100:, rel_loss: 0.1
INFO:wil:wil50:, rel_loss: 0.1
INFO:wil:wil100:, rel_loss: 0.1
INFO:wil:wil100:, rel_loss: 0.1
INFO:wil:wil100:, rel_loss: 0.1
INFO:wil:wil50:, rel_loss: 0.1
INFO:wil:wil50:, rel_loss: 0.1
INFO:wil:wil50:, rel_loss: 0.1
INFO:wil:wil50:, rel_loss: 0.1
INFO:wil:wil50:, rel_loss: 0.1
INFO:wil:wil50:, rel_loss: 0.1
INFO:wil:wil50:, rel_loss: 0.1
